make all --print-data-base --no-builtin-variables --no-builtin-rules --question
# GNU Make 3.81
# Copyright (C) 2006  Free Software Foundation, Inc.
# This is free software; see the source for copying conditions.
# There is NO warranty; not even for MERCHANTABILITY or FITNESS FOR A
# PARTICULAR PURPOSE.

# This program built for i386-apple-darwin11.3.0
 

# Make data base, printed on Mon May 23 22:38:18 2022

# Variables

# automatic
<D = $(patsubst %/,%,$(dir $<))
# automatic
?F = $(notdir $?)
# makefile (from `Makefile', line 12)
OBJ = main.o init.o map_create.o map_validate.o draw.o render.o hook.o event.o move.o utils.o free.o
# makefile (from `Makefile', line 1)
SRC = src/main.c src/init.c src/map_create.c src/map_validate.c src/draw.c src/render.c src/hook.c src/event.c src/move.c src/utils.c src/free.c
# environment
VSCODE_LOG_NATIVE = false
# automatic
?D = $(patsubst %/,%,$(dir $?))
# automatic
@D = $(patsubst %/,%,$(dir $@))
# automatic
@F = $(notdir $@)
# makefile
CURDIR := /Users/bebopdotc123/Code/42curses/so_long
# makefile
SHELL = /bin/sh
# environment
VSCODE_NLS_CONFIG = {"locale":"en-us","availableLanguages":{},"_languagePackSupport":true}
# makefile (from `Makefile', line 25)
MLX = mlx/libmlx.a
# environment
_ = /usr/bin/make
# makefile (from `Makefile', line 26)
CFLAGS = -Wextra -Werror -Wall
# makefile (from `Makefile', line 1)
MAKEFILE_LIST :=  Makefile
# environment
VSCODE_VERBOSE_LOGGING = true
# environment
__CFBundleIdentifier = com.microsoft.VSCode
# environment
INFOPATH = /opt/homebrew/share/info:
# environment
P9K_SSH = 0
# environment
VSCODE_IPC_HOOK_EXTHOST = /var/folders/sj/bb5c03p53_l099gcqfkf4_h40000gn/T/vscode-ipc-9f8df4c1-f1dd-406b-aa38-4b0c9653d3f3.sock
# environment
VSCODE_CWD = /
# environment
PATH = /opt/homebrew/bin:/opt/homebrew/sbin:/usr/local/bin:/usr/bin:/bin:/usr/sbin:/sbin:/Library/Apple/usr/bin
# environment
LSCOLORS = Gxfxcxdxbxegedabagacad
# environment
LaunchInstanceID = FBE5EBE3-8303-4C51-836F-55E492CCD37E
# environment
VSCODE_LOG_STACK = false
# environment
ELECTRON_RUN_AS_NODE = 1
# default
.FEATURES := target-specific order-only second-expansion else-if archives jobserver check-symlink
# environment
SSH_AUTH_SOCK = /private/tmp/com.apple.launchd.K2VFrqPPg5/Listeners
# automatic
%F = $(notdir $%)
# environment
VSCODE_PIPE_LOGGING = true
# environment
PWD = /Users/bebopdotc123/Code/42curses/so_long
# environment
HOMEBREW_CELLAR = /opt/homebrew/Cellar
# makefile (from `Makefile', line 27)
FRAMEWORKS = -framework OpenGL -framework Appkit
# environment
ORIGINAL_XDG_CURRENT_DESKTOP = undefined
# environment
MANPATH = /opt/homebrew/share/man::
# environment
VSCODE_AMD_ENTRYPOINT = vs/workbench/api/node/extensionHostProcess
# environment
HOME = /Users/bebopdotc123
# default
MAKEFILEPATH = $(shell /usr/bin/xcode-select -print-path 2>/dev/null || echo /Developer)/Makefiles
# environment
VSCODE_CODE_CACHE_PATH = /Users/bebopdotc123/Library/Application Support/Code/CachedData/c3511e6c69bb39013c4a4b7b9566ec1ca73fc4d5
# environment
LOGNAME = bebopdotc123
# environment
APPLICATION_INSIGHTS_NO_DIAGNOSTIC_CHANNEL = 1
# environment
ZSH = /Users/bebopdotc123/.oh-my-zsh
# environment
VSCODE_HANDLES_UNCAUGHT_ERRORS = true
# automatic
^D = $(patsubst %/,%,$(dir $^))
# environment
XPC_FLAGS = 0x0
# default
MAKE = $(MAKE_COMMAND)
# default
MAKECMDGOALS := all
# environment
SHLVL = 1
# default
MAKE_VERSION := 3.81
# environment
USER = bebopdotc123
# makefile
.DEFAULT_GOAL := all
# makefile (from `Makefile', line 23)
NAME = so_long
# environment
LESS = -R
# automatic
%D = $(patsubst %/,%,$(dir $%))
# default
MAKE_COMMAND := /Library/Developer/CommandLineTools/usr/bin/make
# makefile (from `Makefile', line 24)
INC = inc
# default
.VARIABLES := 
# environment
TMPDIR = /var/folders/sj/bb5c03p53_l099gcqfkf4_h40000gn/T/
# automatic
*F = $(notdir $*)
# environment
VSCODE_IPC_HOOK = /Users/bebopdotc123/Library/Application Support/Code/1.67.2-main.sock
# makefile
MAKEFLAGS = Rrqp
# environment
MFLAGS = -Rrqp
# automatic
*D = $(patsubst %/,%,$(dir $*))
# environment
XPC_SERVICE_NAME = application.com.microsoft.VSCode.2305937.2305943
# environment
HOMEBREW_PREFIX = /opt/homebrew
# automatic
+D = $(patsubst %/,%,$(dir $+))
# automatic
+F = $(notdir $+)
# environment
HOMEBREW_REPOSITORY = /opt/homebrew
# environment
__CF_USER_TEXT_ENCODING = 0x1F5:0x0:0x0
# environment
COMMAND_MODE = unix2003
# default
MAKEFILES := 
# automatic
<F = $(notdir $<)
# environment
PAGER = less
# environment
LC_ALL = C
# environment
SECURITYSESSIONID = 186ac
# automatic
^F = $(notdir $^)
# default
SUFFIXES := 
# environment
MAKELEVEL := 0
# environment
LANG = C
# environment
VSCODE_PID = 8900
# variable set hash-table stats:
# Load=80/1024=8%, Rehash=0, Collisions=4/111=4%

# Pattern-specific Variable Values

# No pattern-specific variable values.

# Directories

# . (device 16777229, inode 2351904): 13 files, no impossibilities.

# 13 files, no impossibilities in 1 directories.

# Implicit Rules

# No implicit rules.

# Files

all: so_long
#  Command-line target.
#  Implicit rule search has been done.
#  File does not exist.
#  File has been updated.
#  Needs to be updated (-q is set).
# variable set hash-table stats:
# Load=0/32=0%, Rehash=0, Collisions=0/3=0%

hook.o: src/main.c src/init.c src/map_create.c src/map_validate.c src/draw.c src/render.c src/hook.c src/event.c src/move.c src/utils.c src/free.c
#  Implicit rule search has not been done.
#  Modification time never checked.
#  File has not been updated.
#  commands to execute (from `Makefile', line 37):
	@gcc -c $^ -I $(INC)
	

# Not a target:
src/map_create.c:
#  Implicit rule search has been done.
#  Last modified 2022-05-23 15:22:22
#  File has been updated.
#  Successfully updated.
# variable set hash-table stats:
# Load=0/32=0%, Rehash=0, Collisions=0/0=0%

free.o: src/main.c src/init.c src/map_create.c src/map_validate.c src/draw.c src/render.c src/hook.c src/event.c src/move.c src/utils.c src/free.c
#  Implicit rule search has not been done.
#  Modification time never checked.
#  File has not been updated.
#  commands to execute (from `Makefile', line 37):
	@gcc -c $^ -I $(INC)
	

# Not a target:
src/map_validate.c:
#  Implicit rule search has been done.
#  Last modified 2022-05-23 17:54:00
#  File has been updated.
#  Successfully updated.
# variable set hash-table stats:
# Load=0/32=0%, Rehash=0, Collisions=0/0=0%

# Not a target:
.SUFFIXES:
#  Implicit rule search has not been done.
#  Modification time never checked.
#  File has not been updated.

# Not a target:
src/draw.c:
#  Implicit rule search has been done.
#  Last modified 2022-05-23 16:13:50
#  File has been updated.
#  Successfully updated.
# variable set hash-table stats:
# Load=0/32=0%, Rehash=0, Collisions=0/0=0%

# Not a target:
Makefile:
#  Implicit rule search has been done.
#  Last modified 2022-05-23 16:23:54
#  File has been updated.
#  Successfully updated.
# variable set hash-table stats:
# Load=0/32=0%, Rehash=0, Collisions=0/0=0%

# Not a target:
src/utils.c:
#  Implicit rule search has been done.
#  Last modified 2022-05-23 16:11:04
#  File has been updated.
#  Successfully updated.
# variable set hash-table stats:
# Load=0/32=0%, Rehash=0, Collisions=0/0=0%

# Not a target:
src/render.c:
#  Implicit rule search has been done.
#  Last modified 2022-05-23 18:02:16
#  File has been updated.
#  Successfully updated.
# variable set hash-table stats:
# Load=0/32=0%, Rehash=0, Collisions=0/0=0%

# Not a target:
src/free.c:
#  Implicit rule search has been done.
#  Last modified 2022-05-23 16:25:48
#  File has been updated.
#  Successfully updated.
# variable set hash-table stats:
# Load=0/32=0%, Rehash=0, Collisions=0/0=0%

# Not a target:
src/move.c:
#  Implicit rule search has been done.
#  Last modified 2022-05-23 18:00:28
#  File has been updated.
#  Successfully updated.
# variable set hash-table stats:
# Load=0/32=0%, Rehash=0, Collisions=0/0=0%

map_create.o: src/main.c src/init.c src/map_create.c src/map_validate.c src/draw.c src/render.c src/hook.c src/event.c src/move.c src/utils.c src/free.c
#  Implicit rule search has not been done.
#  Modification time never checked.
#  File has not been updated.
#  commands to execute (from `Makefile', line 37):
	@gcc -c $^ -I $(INC)
	

fclean: clean
#  Implicit rule search has not been done.
#  Modification time never checked.
#  File has not been updated.
#  commands to execute (from `Makefile', line 43):
	rm -rf $(NAME)
	make -C mlx clean
	

# Not a target:
src/main.c:
 
#  Implicit rule search has been done.
#  Last modified 2022-05-23 15:22:22
#  File has been updated.
#  Successfully updated.
# variable set hash-table stats:
# Load=0/32=0%, Rehash=0, Collisions=0/0=0%

# Not a target:
src/hook.c:
#  Implicit rule search has been done.
#  Last modified 2022-05-23 15:22:22
#  File has been updated.
#  Successfully updated.
# variable set hash-table stats:
# Load=0/32=0%, Rehash=0, Collisions=0/0=0%

map_validate.o: src/main.c src/init.c src/map_create.c src/map_validate.c src/draw.c src/render.c src/hook.c src/event.c src/move.c src/utils.c src/free.c
#  Implicit rule search has not been done.
#  Modification time never checked.
#  File has not been updated.
#  commands to execute (from `Makefile', line 37):
	@gcc -c $^ -I $(INC)
	

# Not a target:
.DEFAULT:
#  Implicit rule search has not been done.
#  Modification time never checked.
#  File has not been updated.

clean:
#  Implicit rule search has not been done.
#  Modification time never checked.
#  File has not been updated.
#  commands to execute (from `Makefile', line 40):
	rm -rf obj/*.o
	

move.o: src/main.c src/init.c src/map_create.c src/map_validate.c src/draw.c src/render.c src/hook.c src/event.c src/move.c src/utils.c src/free.c
#  Implicit rule search has not been done.
#  Modification time never checked.
#  File has not been updated.
#  commands to execute (from `Makefile', line 37):
	@gcc -c $^ -I $(INC)
	

init.o: src/main.c src/init.c src/map_create.c src/map_validate.c src/draw.c src/render.c src/hook.c src/event.c src/move.c src/utils.c src/free.c
#  Implicit rule search has not been done.
#  Modification time never checked.
#  File has not been updated.
#  commands to execute (from `Makefile', line 37):
	@gcc -c $^ -I $(INC)
	

utils.o: src/main.c src/init.c src/map_create.c src/map_validate.c src/draw.c src/render.c src/hook.c src/event.c src/move.c src/utils.c src/free.c
#  Implicit rule search has not been done.
#  Modification time never checked.
#  File has not been updated.
#  commands to execute (from `Makefile', line 37):
	@gcc -c $^ -I $(INC)
	

main.o: src/main.c src/init.c src/map_create.c src/map_validate.c src/draw.c src/render.c src/hook.c src/event.c src/move.c src/utils.c src/free.c
#  Implicit rule search has not been done.
#  Implicit/static pattern stem: `'
#  File does not exist.
#  File has been updated.
#  Needs to be updated (-q is set).
# automatic
# @ := main.o
# automatic
# % := 
# automatic
# * := 
# automatic
# + := src/main.c src/init.c src/map_create.c src/map_validate.c src/draw.c src/render.c src/hook.c src/event.c src/move.c src/utils.c src/free.c
# automatic
# | := 
# automatic
# < := src/main.c
# automatic
# ^ := src/main.c src/init.c src/map_create.c src/map_validate.c src/draw.c src/render.c src/hook.c src/event.c src/move.c src/utils.c src/free.c
# automatic
# ? := src/main.c src/init.c src/map_create.c src/map_validate.c src/draw.c src/render.c src/hook.c src/event.c src/move.c src/utils.c src/free.c
# variable set hash-table stats:
# Load=8/32=25%, Rehash=0, Collisions=1/12=8%
#  commands to execute (from `Makefile', line 37):
	@gcc -c $^ -I $(INC)
	

event.o: src/main.c src/init.c src/map_create.c src/map_validate.c src/draw.c src/render.c src/hook.c src/event.c src/move.c src/utils.c src/free.c
#  Implicit rule search has not been done.
#  Modification time never checked.
#  File has not been updated.
#  commands to execute (from `Makefile', line 37):
	@gcc -c $^ -I $(INC)
	

draw.o: src/main.c src/init.c src/map_create.c src/map_validate.c src/draw.c src/render.c src/hook.c src/event.c src/move.c src/utils.c src/free.c
#  Implicit rule search has not been done.
#  Modification time never checked.
#  File has not been updated.
#  commands to execute (from `Makefile', line 37):
	@gcc -c $^ -I $(INC)
	

so_long: main.o init.o map_create.o map_validate.o draw.o render.o hook.o event.o move.o utils.o free.o
#  Implicit rule search has not been done.
#  Last modified 2022-05-23 22:36:33
#  File has been updated.
#  Needs to be updated (-q is set).
# variable set hash-table stats:
# Load=0/32=0%, Rehash=0, Collisions=0/3=0%
#  commands to execute (from `Makefile', line 32):
	@make -C mlx
	@gcc -o $@ $^ $(FRAMEWORKS) $(MLX)
	@mv *.o obj
	

render.o: src/main.c src/init.c src/map_create.c src/map_validate.c src/draw.c src/render.c src/hook.c src/event.c src/move.c src/utils.c src/free.c
#  Implicit rule search has not been done.
#  Modification time never checked.
#  File has not been updated.
#  commands to execute (from `Makefile', line 37):
	@gcc -c $^ -I $(INC)
	

# Not a target:
src/init.c:
#  Implicit rule search has been done.
#  Last modified 2022-05-23 17:26:22
#  File has been updated.
#  Successfully updated.
# variable set hash-table stats:
# Load=0/32=0%, Rehash=0, Collisions=0/0=0%

# Not a target:
src/event.c:
#  Implicit rule search has been done.
#  Last modified 2022-05-23 15:22:22
#  File has been updated.
#  Successfully updated.
# variable set hash-table stats:
# Load=0/32=0%, Rehash=0, Collisions=0/0=0%

# files hash-table stats:
# Load=29/1024=3%, Rehash=0, Collisions=36/177=20%
# VPATH Search Paths

# No `vpath' search paths.

# No general (`VPATH' variable) search path.

# # of strings in strcache: 1
# # of strcache buffers: 1
# strcache size: total = 4096 / max = 4096 / min = 4096 / avg = 4096
# strcache free: total = 4087 / max = 4087 / min = 4087 / avg = 4087

# Finished Make data base on Mon May 23 22:38:18 2022

 
